<?xml version="1.0" encoding="UTF-8"?>
<!-- Generated by org.testng.reporters.JUnitReportReporter -->
<testsuite hostname="SadhanaRamaGouda-2194" failures="0" tests="1" name="testScript.TC_004Test" time="31.268" errors="0" timestamp="2022-02-02T12:58:19 IST" skipped="0">
  <testcase classname="testScript.TC_004Test" name="magicpin" time="31.268"/>
  <system-out/>
</testsuite> <!-- testScript.TC_004Test -->
