<?xml version="1.0" encoding="UTF-8"?>
<!-- Generated by org.testng.reporters.JUnitReportReporter -->
<testsuite hostname="SadhanaRamaGouda-2194" failures="0" tests="1" name="testScript.TC_001Test" time="21.508" errors="0" timestamp="2022-02-02T12:58:19 IST" skipped="0">
  <testcase classname="testScript.TC_001Test" name="swiggy" time="21.508"/>
  <system-out/>
</testsuite> <!-- testScript.TC_001Test -->
