<?xml version="1.0" encoding="UTF-8"?>
<!-- Generated by org.testng.reporters.JUnitReportReporter -->
<testsuite hostname="SadhanaRamaGouda-2194" failures="0" tests="1" name="testScript.TC_005Test" time="49.979" errors="0" timestamp="2022-02-02T12:58:19 IST" skipped="0">
  <testcase classname="testScript.TC_005Test" name="EatClub" time="49.979"/>
  <system-out/>
</testsuite> <!-- testScript.TC_005Test -->
