<?xml version="1.0" encoding="UTF-8"?>
<!-- Generated by org.testng.reporters.JUnitReportReporter -->
<testsuite hostname="SadhanaRamaGouda-2194" failures="0" tests="1" name="testScript.Test_002Test" time="25.353" errors="0" timestamp="2022-02-02T12:58:19 IST" skipped="0">
  <testcase classname="testScript.Test_002Test" name="Zomato" time="25.353"/>
  <system-out/>
</testsuite> <!-- testScript.Test_002Test -->
