<?xml version="1.0" encoding="UTF-8"?>
<!-- Generated by org.testng.reporters.JUnitReportReporter -->
<testsuite hostname="SadhanaRamaGouda-2194" failures="0" tests="1" name="testScript.TC_003Test" time="24.012" errors="0" timestamp="2022-02-02T15:47:21 IST" skipped="0">
  <testcase classname="testScript.TC_003Test" name="olive" time="24.012"/>
  <system-out/>
</testsuite> <!-- testScript.TC_003Test -->
